Watching for file changes with StatReloader
D:\учеба\ДЗ и прочее\ДЗ Django\hw_1\hw_app\views.py changed, reloading.
Watching for file changes with StatReloader
Page "general" is open
"GET / HTTP/1.1" 200 162
"GET /about HTTP/1.1" 301 0
Page "about" is open
"GET /about/ HTTP/1.1" 200 187
D:\учеба\ДЗ и прочее\ДЗ Django\hw_1\hw_app\views.py changed, reloading.
Watching for file changes with StatReloader
Page "about" is open
"GET /about/ HTTP/1.1" 200 190
Watching for file changes with StatReloader
Invalid HTTP_HOST header: '127.0.0.1:8000'. You may need to add '127.0.0.1' to ALLOWED_HOSTS.
Traceback (most recent call last):
  File "C:\GB\Django_HW\venv\lib\site-packages\django\core\handlers\exception.py", line 55, in inner
    response = get_response(request)
  File "C:\GB\Django_HW\venv\lib\site-packages\django\utils\deprecation.py", line 133, in __call__
    response = self.process_request(request)
  File "C:\GB\Django_HW\venv\lib\site-packages\django\middleware\common.py", line 48, in process_request
    host = request.get_host()
  File "C:\GB\Django_HW\venv\lib\site-packages\django\http\request.py", line 150, in get_host
    raise DisallowedHost(msg)
django.core.exceptions.DisallowedHost: Invalid HTTP_HOST header: '127.0.0.1:8000'. You may need to add '127.0.0.1' to ALLOWED_HOSTS.
Bad Request: /
"GET / HTTP/1.1" 400 67323
C:\GB\Django_HW\django_hws\hw_1\hw_1\settings.py changed, reloading.
Watching for file changes with StatReloader
Page "general" is open
"GET / HTTP/1.1" 200 162
Page "about" is open
"GET /about/ HTTP/1.1" 200 190
Not Found: /general/
"GET /general/ HTTP/1.1" 404 2429
Not Found: /General/
"GET /General/ HTTP/1.1" 404 2429
Page "about" is open
"GET /about/ HTTP/1.1" 200 190
C:\GB\Django_HW\django_hws\hw_1\hw_app\views.py changed, reloading.
Watching for file changes with StatReloader
C:\GB\Django_HW\django_hws\hw_1\hw_app\views.py changed, reloading.
Watching for file changes with StatReloader
Page "about" is open
"GET /about/ HTTP/1.1" 200 132
C:\GB\Django_HW\django_hws\hw_1\hw_app\views.py changed, reloading.
Watching for file changes with StatReloader
Page "about" is open
"GET /about/ HTTP/1.1" 200 143
C:\GB\Django_HW\django_hws\hw_1\hw_app\views.py changed, reloading.
Watching for file changes with StatReloader
Page "about" is open
"GET /about/ HTTP/1.1" 200 161
Watching for file changes with StatReloader
Page "general" is open
"GET / HTTP/1.1" 200 146
Page "about" is open
"GET /about/ HTTP/1.1" 200 161
Watching for file changes with StatReloader
Page "general" is open
"GET / HTTP/1.1" 200 146
Page "about" is open
"GET /about/ HTTP/1.1" 200 161
C:\GB\Django_HW\HW_1\hw_app\views.py changed, reloading.
Watching for file changes with StatReloader
Page "about" is open
"GET /about/ HTTP/1.1" 200 190
Page "general" is open
"GET / HTTP/1.1" 200 175
Page "about" is open
"GET /about/ HTTP/1.1" 200 190
C:\GB\Django_HW\HW_1\hw_app\views.py changed, reloading.
Watching for file changes with StatReloader
Page "about" is open
"GET /about/ HTTP/1.1" 200 208
C:\GB\Django_HW\HW_1\hw_app\views.py changed, reloading.
Watching for file changes with StatReloader
C:\GB\Django_HW\HW_1\hw_app\views.py changed, reloading.
Watching for file changes with StatReloader
C:\GB\Django_HW\HW_1\hw_app\views.py changed, reloading.
Watching for file changes with StatReloader
C:\GB\Django_HW\HW_1\hw_app\views.py changed, reloading.
Watching for file changes with StatReloader
C:\GB\Django_HW\HW_1\hw_app\views.py changed, reloading.
Watching for file changes with StatReloader
Page "general" is open
"GET / HTTP/1.1" 200 175
Page "about" is open
"GET /about/ HTTP/1.1" 200 190
C:\GB\Django_HW\HW_1\hw_app\views.py changed, reloading.
Watching for file changes with StatReloader
Page "about" is open
"GET /about/ HTTP/1.1" 200 208
C:\GB\Django_HW\HW_1\hw_app\views.py changed, reloading.
Watching for file changes with StatReloader
Page "about" is open
"GET /about/ HTTP/1.1" 200 212
Page "about" is open
"GET /about/ HTTP/1.1" 200 212
C:\GB\Django_HW\HW_1\hw_app\views.py changed, reloading.
Watching for file changes with StatReloader
Page "about" is open
"GET /about/ HTTP/1.1" 200 224
Page "general" is open
"GET / HTTP/1.1" 200 175
C:\GB\Django_HW\HW_1\hw_app\views.py changed, reloading.
Watching for file changes with StatReloader
Page "general" is open
"GET / HTTP/1.1" 200 132
C:\GB\Django_HW\HW_1\hw_app\views.py changed, reloading.
Watching for file changes with StatReloader
Page "general" is open
"GET / HTTP/1.1" 200 119
Page "general" is open
"GET / HTTP/1.1" 200 119
C:\GB\Django_HW\HW_1\hw_app\views.py changed, reloading.
Watching for file changes with StatReloader
Page "general" is open
"GET / HTTP/1.1" 200 120
Page "general" is open
"GET / HTTP/1.1" 200 120
Page "about" is open
"GET /about/ HTTP/1.1" 200 224
C:\GB\Django_HW\HW_1\hw_app\views.py changed, reloading.
Watching for file changes with StatReloader
Page "about" is open
"GET /about/ HTTP/1.1" 200 232
